<?xml version="1.0" encoding="UTF-8"?>
<testng-results ignored="0" total="1" passed="1" failed="0" skipped="0">
  <reporter-output>
  </reporter-output>
  <suite started-at="2026-04-08T15:57:46 GMT+02:00" name="Default suite" finished-at="2026-04-08T15:58:15 GMT+02:00" duration-ms="28321">
    <groups>
    </groups>
    <test started-at="2026-04-08T15:57:46 GMT+02:00" name="Default test" finished-at="2026-04-08T15:58:15 GMT+02:00" duration-ms="28321">
      <class name="loginTest.LoginTest">
        <test-method is-config="true" signature="setUp()[pri:0, instance:loginTest.LoginTest@1bb5a082]" started-at="2026-04-08T15:57:46 GMT+02:00" name="setUp" finished-at="2026-04-08T15:57:56 GMT+02:00" duration-ms="9407" status="PASS">
          <reporter-output>
          </reporter-output>
        </test-method> <!-- setUp -->
        <test-method signature="testLogin()[pri:0, instance:loginTest.LoginTest@1bb5a082]" started-at="2026-04-08T15:57:56 GMT+02:00" name="testLogin" finished-at="2026-04-08T15:58:14 GMT+02:00" duration-ms="18191" status="PASS">
          <reporter-output>
          </reporter-output>
        </test-method> <!-- testLogin -->
        <test-method is-config="true" signature="tearDown()[pri:0, instance:loginTest.LoginTest@1bb5a082]" started-at="2026-04-08T15:58:14 GMT+02:00" name="tearDown" finished-at="2026-04-08T15:58:15 GMT+02:00" duration-ms="680" status="PASS">
          <reporter-output>
          </reporter-output>
        </test-method> <!-- tearDown -->
      </class> <!-- loginTest.LoginTest -->
    </test> <!-- Default test -->
  </suite> <!-- Default suite -->
</testng-results>
